<?xml version="1.0" encoding="UTF-8"?>
<!-- Generated by org.testng.reporters.JUnitReportReporter -->
<testsuite skipped="0" hostname="Pareshs-MacBook-Pro.local" name="com.monefy.AutomationDriverScript" tests="2" failures="0" timestamp="02 Dec 2021 14:17:00 GMT" time="55.883" errors="0">
  <testcase name="scriptExecutioner" time="21.128" classname="com.monefy.AutomationDriverScript"/>
  <testcase name="scriptExecutioner" time="34.755" classname="com.monefy.AutomationDriverScript"/>
</testsuite> <!-- com.monefy.AutomationDriverScript -->
