<?xml version="1.0" encoding="UTF-8"?>
<!-- Generated by org.testng.reporters.JUnitReportReporter -->
<testsuite skipped="0" hostname="Pareshs-MacBook-Pro.local" name="com.spiritzone.AutomationDriverScript" tests="2" failures="0" timestamp="02 Dec 2021 11:40:50 GMT" time="67.935" errors="0">
  <testcase name="scriptExecutioner" time="29.556" classname="com.spiritzone.AutomationDriverScript"/>
  <testcase name="scriptExecutioner" time="38.379" classname="com.spiritzone.AutomationDriverScript"/>
</testsuite> <!-- com.spiritzone.AutomationDriverScript -->
