<?xml version="1.0" encoding="UTF-8"?>
<!-- Generated by org.testng.reporters.JUnitReportReporter -->
<testsuite hostname="DESKTOP-1SAS5MA" failures="0" tests="2" name="com.spiritzone.AutomationDriverScript" time="307.652" errors="0" timestamp="12 Aug 2020 18:35:03 GMT" skipped="0">
  <testcase classname="com.spiritzone.AutomationDriverScript" name="scriptExecutioner" time="189.155"/>
  <testcase classname="com.spiritzone.AutomationDriverScript" name="scriptExecutioner" time="118.497"/>
</testsuite> <!-- com.spiritzone.AutomationDriverScript -->
