<?xml version="1.0" encoding="UTF-8"?>
<!-- Generated by org.testng.reporters.JUnitReportReporter -->
<testsuite skipped="0" hostname="Pareshs-MacBook-Pro.local" name="com.spiritzone.AutomationDriverScript" tests="1" failures="0" timestamp="01 Dec 2021 18:17:12 GMT" time="29.865" errors="0">
  <testcase name="scriptExecutioner" time="29.865" classname="com.spiritzone.AutomationDriverScript"/>
</testsuite> <!-- com.spiritzone.AutomationDriverScript -->
